<?xml version="1.0" encoding="UTF-8"?>
<!-- Generated by org.testng.reporters.JUnitReportReporter -->
<testsuite skipped="0" hostname="INW-169" name="com.mycompany.app.MobileTest" tests="1" failures="0" timestamp="10 Apr 2019 08:35:50 GMT" time="0.006" errors="0">
  <testcase name="MobileTest1" time="0.006" classname="com.mycompany.app.MobileTest"/>
</testsuite> <!-- com.mycompany.app.MobileTest -->
